<?xml version="1.0" encoding="UTF-8"?>
<!-- Generated by org.testng.reporters.JUnitReportReporter -->
<testsuite hostname="DESKTOP-0T6UV71" failures="0" tests="1" name="KishoreProjects.DragDropDemo" time="5.626" errors="0" timestamp="2024-10-21T23:46:04 IST" skipped="0">
  <testcase classname="KishoreProjects.DragDropDemo" name="DragDropTest" time="5.626"/>
</testsuite> <!-- KishoreProjects.DragDropDemo -->
