<?xml version="1.0" encoding="UTF-8"?>
<!-- Generated by org.testng.reporters.JUnitReportReporter -->
<testsuite hostname="DESKTOP-0T6UV71" failures="0" tests="1" name="KishoreProjects.MiscellaneousAppiumActions" time="9.005" errors="0" timestamp="2024-10-22T00:49:33 IST" skipped="0">
  <testcase classname="KishoreProjects.MiscellaneousAppiumActions" name="MIscelleneousActions" time="9.005"/>
</testsuite> <!-- KishoreProjects.MiscellaneousAppiumActions -->
