<?xml version="1.0" encoding="UTF-8"?>
<!-- Generated by org.testng.reporters.JUnitReportReporter -->
<testsuite hostname="DESKTOP-0T6UV71" failures="0" tests="1" name="KishoreProjects.SwipeDemo" time="4.394" errors="0" timestamp="2024-10-21T16:03:22 IST" skipped="0">
  <testcase classname="KishoreProjects.SwipeDemo" name="swipeTest" time="4.394"/>
</testsuite> <!-- KishoreProjects.SwipeDemo -->
