<?xml version="1.0" encoding="UTF-8"?>
<!-- Generated by org.testng.reporters.JUnitReportReporter -->
<testsuite hostname="DESKTOP-0T6UV71" failures="0" tests="1" name="KishoreProjects.ScrollDemo" time="43.412" errors="0" timestamp="2024-10-21T15:09:17 IST" skipped="0">
  <testcase classname="KishoreProjects.ScrollDemo" name="longPress" time="43.412"/>
</testsuite> <!-- KishoreProjects.ScrollDemo -->
