<?xml version="1.0" encoding="UTF-8"?>
<!-- Generated by org.testng.reporters.JUnitReportReporter -->
<testsuite hostname="DESKTOP-0T6UV71" failures="0" tests="1" name="KishoreProjects.Ecommerce_TC_02" time="22.336" errors="0" timestamp="2024-10-28T01:41:03 IST" skipped="0">
  <testcase classname="KishoreProjects.Ecommerce_TC_02" name="fillForm" time="22.336"/>
</testsuite> <!-- KishoreProjects.Ecommerce_TC_02 -->
