<?xml version="1.0" encoding="UTF-8"?>
<!-- Generated by org.testng.reporters.JUnitReportReporter -->
<testsuite hostname="DESKTOP-0T6UV71" failures="0" tests="1" name="KishoreProjects.AppiumBasics" time="4.976" errors="0" timestamp="2024-10-18T01:15:42 IST" skipped="0">
  <testcase classname="KishoreProjects.AppiumBasics" name="WifiSettingsName" time="4.976"/>
</testsuite> <!-- KishoreProjects.AppiumBasics -->
