<?xml version="1.0" encoding="UTF-8"?>
<!-- Generated by org.testng.reporters.JUnitReportReporter -->
<testsuite hostname="DESKTOP-0T6UV71" failures="0" tests="1" name="KishoreProjects.Ecommerce_TC_01" time="10.560" errors="0" timestamp="2024-10-27T23:26:09 IST" skipped="0">
  <testcase classname="KishoreProjects.Ecommerce_TC_01" name="fillForm" time="10.560"/>
</testsuite> <!-- KishoreProjects.Ecommerce_TC_01 -->
