<?xml version="1.0" encoding="UTF-8"?>
<!-- Generated by org.testng.reporters.JUnitReportReporter -->
<testsuite hostname="DESKTOP-0T6UV71" failures="0" tests="1" name="KishoreProjects.Ecommerce_TC_04_Hybrid" time="30.697" errors="0" timestamp="2024-11-01T03:09:20 IST" skipped="0">
  <testcase classname="KishoreProjects.Ecommerce_TC_04_Hybrid" name="fillForm" time="30.697"/>
</testsuite> <!-- KishoreProjects.Ecommerce_TC_04_Hybrid -->
