<?xml version="1.0" encoding="UTF-8"?>
<!-- Generated by org.testng.reporters.JUnitReportReporter -->
<testsuite hostname="DESKTOP-0T6UV71" failures="0" tests="1" name="KishoreProjects.Ecommerce_TC_03" time="22.928" errors="0" timestamp="2024-10-28T01:57:32 IST" skipped="0">
  <testcase classname="KishoreProjects.Ecommerce_TC_03" name="fillForm" time="22.928"/>
</testsuite> <!-- KishoreProjects.Ecommerce_TC_03 -->
