<?xml version="1.0" encoding="UTF-8"?>
<!-- Generated by org.testng.reporters.JUnitReportReporter -->
<testsuite hostname="DESKTOP-0T6UV71" failures="0" tests="1" name="KishoreProjects.AppiumBasics" time="1.432" errors="0" timestamp="2024-10-16T19:17:04 IST" skipped="0">
  <testcase classname="KishoreProjects.AppiumBasics" name="WifiSettingsName" time="1.432"/>
</testsuite> <!-- KishoreProjects.AppiumBasics -->
