<?xml version="1.0" encoding="UTF-8"?>
<!-- Generated by org.testng.reporters.JUnitReportReporter -->
<testsuite hostname="DESKTOP-0T6UV71" failures="0" tests="1" name="KishoreProjects.AppiumBasics" time="10.380" errors="0" timestamp="2024-10-06T17:05:49 IST" skipped="0">
  <testcase classname="KishoreProjects.AppiumBasics" name="AppiumTest" time="10.380"/>
</testsuite> <!-- KishoreProjects.AppiumBasics -->
