<?xml version="1.0" encoding="UTF-8"?>
<!-- Generated by org.testng.reporters.JUnitReportReporter -->
<testsuite hostname="DESKTOP-0T6UV71" failures="0" tests="1" name="KishoreProjects.LongPressGesture" time="6.985" errors="0" timestamp="2024-10-18T19:20:08 IST" skipped="0">
  <testcase classname="KishoreProjects.LongPressGesture" name="longPress" time="6.985"/>
</testsuite> <!-- KishoreProjects.LongPressGesture -->
